Analysis & Synthesis report for DE0_NANO
Mon Oct 23 21:26:56 2017
Quartus Prime Version 17.0.0 Build 595 04/25/2017 SJ Lite Edition


---------------------
; Table of Contents ;
---------------------
  1. Legal Notice
  2. Analysis & Synthesis Summary
  3. Analysis & Synthesis Settings
  4. Parallel Compilation
  5. Analysis & Synthesis Source Files Read
  6. Analysis & Synthesis Resource Usage Summary
  7. Analysis & Synthesis Resource Utilization by Entity
  8. Registers Removed During Synthesis
  9. General Register Statistics
 10. Inverted Register Statistics
 11. Multiplexer Restructuring Statistics (Restructuring Performed)
 12. Post-Synthesis Netlist Statistics for Top Partition
 13. Elapsed Time Per Partition
 14. Analysis & Synthesis Messages



----------------
; Legal Notice ;
----------------
Copyright (C) 2017  Intel Corporation. All rights reserved.
Your use of Intel Corporation's design tools, logic functions 
and other software and tools, and its AMPP partner logic 
functions, and any output files from any of the foregoing 
(including device programming or simulation files), and any 
associated documentation or information are expressly subject 
to the terms and conditions of the Intel Program License 
Subscription Agreement, the Intel Quartus Prime License Agreement,
the Intel MegaCore Function License Agreement, or other 
applicable license agreement, including, without limitation, 
that your use is for the sole purpose of programming logic 
devices manufactured by Intel and sold by Intel or its 
authorized distributors.  Please refer to the applicable 
agreement for further details.



+----------------------------------------------------------------------------------+
; Analysis & Synthesis Summary                                                     ;
+------------------------------------+---------------------------------------------+
; Analysis & Synthesis Status        ; Successful - Mon Oct 23 21:26:56 2017       ;
; Quartus Prime Version              ; 17.0.0 Build 595 04/25/2017 SJ Lite Edition ;
; Revision Name                      ; DE0_NANO                                    ;
; Top-level Entity Name              ; DE0_NANO                                    ;
; Family                             ; Cyclone IV E                                ;
; Total logic elements               ; 265                                         ;
;     Total combinational functions  ; 265                                         ;
;     Dedicated logic registers      ; 107                                         ;
; Total registers                    ; 107                                         ;
; Total pins                         ; 87                                          ;
; Total virtual pins                 ; 0                                           ;
; Total memory bits                  ; 0                                           ;
; Embedded Multiplier 9-bit elements ; 0                                           ;
; Total PLLs                         ; 0                                           ;
+------------------------------------+---------------------------------------------+


+----------------------------------------------------------------------------------------------------------------------+
; Analysis & Synthesis Settings                                                                                        ;
+----------------------------------------------------------------------------+--------------------+--------------------+
; Option                                                                     ; Setting            ; Default Value      ;
+----------------------------------------------------------------------------+--------------------+--------------------+
; Device                                                                     ; EP4CE22F17C6       ;                    ;
; Top-level entity name                                                      ; DE0_NANO           ; DE0_NANO           ;
; Family name                                                                ; Cyclone IV E       ; Cyclone IV GX      ;
; Use smart compilation                                                      ; Off                ; Off                ;
; Enable parallel Assembler and TimeQuest Timing Analyzer during compilation ; On                 ; On                 ;
; Enable compact report table                                                ; Off                ; Off                ;
; Restructure Multiplexers                                                   ; Auto               ; Auto               ;
; Create Debugging Nodes for IP Cores                                        ; Off                ; Off                ;
; Preserve fewer node names                                                  ; On                 ; On                 ;
; OpenCore Plus hardware evaluation                                          ; Enable             ; Enable             ;
; Verilog Version                                                            ; Verilog_2001       ; Verilog_2001       ;
; VHDL Version                                                               ; VHDL_1993          ; VHDL_1993          ;
; State Machine Processing                                                   ; Auto               ; Auto               ;
; Safe State Machine                                                         ; Off                ; Off                ;
; Extract Verilog State Machines                                             ; On                 ; On                 ;
; Extract VHDL State Machines                                                ; On                 ; On                 ;
; Ignore Verilog initial constructs                                          ; Off                ; Off                ;
; Iteration limit for constant Verilog loops                                 ; 5000               ; 5000               ;
; Iteration limit for non-constant Verilog loops                             ; 250                ; 250                ;
; Add Pass-Through Logic to Inferred RAMs                                    ; On                 ; On                 ;
; Infer RAMs from Raw Logic                                                  ; On                 ; On                 ;
; Parallel Synthesis                                                         ; On                 ; On                 ;
; DSP Block Balancing                                                        ; Auto               ; Auto               ;
; NOT Gate Push-Back                                                         ; On                 ; On                 ;
; Power-Up Don't Care                                                        ; On                 ; On                 ;
; Remove Redundant Logic Cells                                               ; Off                ; Off                ;
; Remove Duplicate Registers                                                 ; On                 ; On                 ;
; Ignore CARRY Buffers                                                       ; Off                ; Off                ;
; Ignore CASCADE Buffers                                                     ; Off                ; Off                ;
; Ignore GLOBAL Buffers                                                      ; Off                ; Off                ;
; Ignore ROW GLOBAL Buffers                                                  ; Off                ; Off                ;
; Ignore LCELL Buffers                                                       ; Off                ; Off                ;
; Ignore SOFT Buffers                                                        ; On                 ; On                 ;
; Limit AHDL Integers to 32 Bits                                             ; Off                ; Off                ;
; Optimization Technique                                                     ; Balanced           ; Balanced           ;
; Carry Chain Length                                                         ; 70                 ; 70                 ;
; Auto Carry Chains                                                          ; On                 ; On                 ;
; Auto Open-Drain Pins                                                       ; On                 ; On                 ;
; Perform WYSIWYG Primitive Resynthesis                                      ; Off                ; Off                ;
; Auto ROM Replacement                                                       ; On                 ; On                 ;
; Auto RAM Replacement                                                       ; On                 ; On                 ;
; Auto DSP Block Replacement                                                 ; On                 ; On                 ;
; Auto Shift Register Replacement                                            ; Auto               ; Auto               ;
; Allow Shift Register Merging across Hierarchies                            ; Auto               ; Auto               ;
; Auto Clock Enable Replacement                                              ; On                 ; On                 ;
; Strict RAM Replacement                                                     ; Off                ; Off                ;
; Allow Synchronous Control Signals                                          ; On                 ; On                 ;
; Force Use of Synchronous Clear Signals                                     ; Off                ; Off                ;
; Auto RAM Block Balancing                                                   ; On                 ; On                 ;
; Auto RAM to Logic Cell Conversion                                          ; Off                ; Off                ;
; Auto Resource Sharing                                                      ; Off                ; Off                ;
; Allow Any RAM Size For Recognition                                         ; Off                ; Off                ;
; Allow Any ROM Size For Recognition                                         ; Off                ; Off                ;
; Allow Any Shift Register Size For Recognition                              ; Off                ; Off                ;
; Use LogicLock Constraints during Resource Balancing                        ; On                 ; On                 ;
; Ignore translate_off and synthesis_off directives                          ; Off                ; Off                ;
; Timing-Driven Synthesis                                                    ; On                 ; On                 ;
; Report Parameter Settings                                                  ; On                 ; On                 ;
; Report Source Assignments                                                  ; On                 ; On                 ;
; Report Connectivity Checks                                                 ; On                 ; On                 ;
; Ignore Maximum Fan-Out Assignments                                         ; Off                ; Off                ;
; Synchronization Register Chain Length                                      ; 2                  ; 2                  ;
; PowerPlay Power Optimization During Synthesis                              ; Normal compilation ; Normal compilation ;
; HDL message level                                                          ; Level2             ; Level2             ;
; Suppress Register Optimization Related Messages                            ; Off                ; Off                ;
; Number of Removed Registers Reported in Synthesis Report                   ; 5000               ; 5000               ;
; Number of Swept Nodes Reported in Synthesis Report                         ; 5000               ; 5000               ;
; Number of Inverted Registers Reported in Synthesis Report                  ; 100                ; 100                ;
; Clock MUX Protection                                                       ; On                 ; On                 ;
; Auto Gated Clock Conversion                                                ; Off                ; Off                ;
; Block Design Naming                                                        ; Auto               ; Auto               ;
; SDC constraint protection                                                  ; Off                ; Off                ;
; Synthesis Effort                                                           ; Auto               ; Auto               ;
; Shift Register Replacement - Allow Asynchronous Clear Signal               ; On                 ; On                 ;
; Pre-Mapping Resynthesis Optimization                                       ; Off                ; Off                ;
; Analysis & Synthesis Message Level                                         ; Medium             ; Medium             ;
; Disable Register Merging Across Hierarchies                                ; Auto               ; Auto               ;
; Resource Aware Inference For Block RAM                                     ; On                 ; On                 ;
+----------------------------------------------------------------------------+--------------------+--------------------+


+------------------------------------------+
; Parallel Compilation                     ;
+----------------------------+-------------+
; Processors                 ; Number      ;
+----------------------------+-------------+
; Number detected on machine ; 8           ;
; Maximum allowed            ; 4           ;
;                            ;             ;
; Average used               ; 1.00        ;
; Maximum used               ; 4           ;
;                            ;             ;
; Usage by Processor         ; % Time Used ;
;     Processor 1            ; 100.0%      ;
;     Processors 2-4         ;   0.0%      ;
+----------------------------+-------------+


+----------------------------------------------------------------------------------------------------------------------------------------------------------+
; Analysis & Synthesis Source Files Read                                                                                                                   ;
+----------------------------------+-----------------+------------------------+------------------------------------------------------------------+---------+
; File Name with User-Entered Path ; Used in Netlist ; File Type              ; File Name with Absolute Path                                     ; Library ;
+----------------------------------+-----------------+------------------------+------------------------------------------------------------------+---------+
; VGA_DRIVER.v                     ; yes             ; User Verilog HDL File  ; C:/Users/labuser/Downloads/ece3400_team8_lab4_fpga2/VGA_DRIVER.v ;         ;
; DE0_NANO.v                       ; yes             ; User Verilog HDL File  ; C:/Users/labuser/Downloads/ece3400_team8_lab4_fpga2/DE0_NANO.v   ;         ;
+----------------------------------+-----------------+------------------------+------------------------------------------------------------------+---------+


+------------------------------------------------------+
; Analysis & Synthesis Resource Usage Summary          ;
+---------------------------------------------+--------+
; Resource                                    ; Usage  ;
+---------------------------------------------+--------+
; Estimated Total logic elements              ; 265    ;
;                                             ;        ;
; Total combinational functions               ; 265    ;
; Logic element usage by number of LUT inputs ;        ;
;     -- 4 input functions                    ; 96     ;
;     -- 3 input functions                    ; 14     ;
;     -- <=2 input functions                  ; 155    ;
;                                             ;        ;
; Logic elements by mode                      ;        ;
;     -- normal mode                          ; 167    ;
;     -- arithmetic mode                      ; 98     ;
;                                             ;        ;
; Total registers                             ; 107    ;
;     -- Dedicated logic registers            ; 107    ;
;     -- I/O registers                        ; 0      ;
;                                             ;        ;
; I/O pins                                    ; 87     ;
;                                             ;        ;
; Embedded Multiplier 9-bit elements          ; 0      ;
;                                             ;        ;
; Maximum fan-out node                        ; CLK_1s ;
; Maximum fan-out                             ; 61     ;
; Total fan-out                               ; 1134   ;
; Average fan-out                             ; 1.85   ;
+---------------------------------------------+--------+


+------------------------------------------------------------------------------------------------------------------------------------------------------------------------------------------------------------------+
; Analysis & Synthesis Resource Utilization by Entity                                                                                                                                                              ;
+----------------------------+---------------------+---------------------------+-------------+--------------+---------+-----------+------+--------------+-----------------------------+-------------+--------------+
; Compilation Hierarchy Node ; Combinational ALUTs ; Dedicated Logic Registers ; Memory Bits ; DSP Elements ; DSP 9x9 ; DSP 18x18 ; Pins ; Virtual Pins ; Full Hierarchy Name         ; Entity Name ; Library Name ;
+----------------------------+---------------------+---------------------------+-------------+--------------+---------+-----------+------+--------------+-----------------------------+-------------+--------------+
; |DE0_NANO                  ; 265 (220)           ; 107 (87)                  ; 0           ; 0            ; 0       ; 0         ; 87   ; 0            ; |DE0_NANO                   ; DE0_NANO    ; work         ;
;    |VGA_DRIVER:driver|     ; 45 (45)             ; 20 (20)                   ; 0           ; 0            ; 0       ; 0         ; 0    ; 0            ; |DE0_NANO|VGA_DRIVER:driver ; VGA_DRIVER  ; work         ;
+----------------------------+---------------------+---------------------------+-------------+--------------+---------+-----------+------+--------------+-----------------------------+-------------+--------------+
Note: For table entries with two numbers listed, the numbers in parentheses indicate the number of resources of the given type used by the specific entity alone. The numbers listed outside of parentheses indicate the total resources of the given type used by the specific entity and all of its sub-entities in the hierarchy.


+----------------------------------------------------------------------------------+
; Registers Removed During Synthesis                                               ;
+-----------------------------------------+----------------------------------------+
; Register name                           ; Reason for Removal                     ;
+-----------------------------------------+----------------------------------------+
; grid_array[1][3][0]                     ; Stuck at GND due to stuck port data_in ;
; grid_array[1][2][1]                     ; Stuck at GND due to stuck port data_in ;
; grid_array[1][2][0]                     ; Stuck at GND due to stuck port data_in ;
; grid_array[1][1][1]                     ; Stuck at GND due to stuck port data_in ;
; grid_array[1][1][0]                     ; Stuck at GND due to stuck port data_in ;
; grid_array[1][0][1]                     ; Stuck at GND due to stuck port data_in ;
; grid_array[1][0][0]                     ; Stuck at GND due to stuck port data_in ;
; grid_array[0][4][1]                     ; Stuck at GND due to stuck port data_in ;
; grid_array[0][4][0]                     ; Stuck at GND due to stuck port data_in ;
; grid_array[0][3][1]                     ; Stuck at GND due to stuck port data_in ;
; grid_array[0][3][0]                     ; Stuck at GND due to stuck port data_in ;
; grid_array[0][2][1]                     ; Stuck at GND due to stuck port data_in ;
; grid_array[0][2][0]                     ; Stuck at GND due to stuck port data_in ;
; grid_array[0][1][1]                     ; Stuck at GND due to stuck port data_in ;
; grid_array[0][1][0]                     ; Stuck at GND due to stuck port data_in ;
; grid_array[0][0][1]                     ; Stuck at GND due to stuck port data_in ;
; grid_array[0][0][0]                     ; Stuck at GND due to stuck port data_in ;
; grid_array[1][3][1]                     ; Stuck at GND due to stuck port data_in ;
; grid_array[1][4][0]                     ; Stuck at GND due to stuck port data_in ;
; grid_array[1][4][1]                     ; Stuck at GND due to stuck port data_in ;
; grid_array[2][0][0]                     ; Stuck at GND due to stuck port data_in ;
; grid_array[2][0][1]                     ; Stuck at GND due to stuck port data_in ;
; grid_array[2][1][0]                     ; Stuck at GND due to stuck port data_in ;
; grid_array[2][1][1]                     ; Stuck at GND due to stuck port data_in ;
; grid_array[2][2][0]                     ; Stuck at GND due to stuck port data_in ;
; grid_array[2][2][1]                     ; Stuck at GND due to stuck port data_in ;
; grid_array[2][3][0]                     ; Stuck at GND due to stuck port data_in ;
; grid_array[2][3][1]                     ; Stuck at GND due to stuck port data_in ;
; grid_array[2][4][0]                     ; Stuck at GND due to stuck port data_in ;
; grid_array[2][4][1]                     ; Stuck at GND due to stuck port data_in ;
; grid_array[3][0][0]                     ; Stuck at GND due to stuck port data_in ;
; grid_array[3][0][1]                     ; Stuck at GND due to stuck port data_in ;
; grid_array[3][1][0]                     ; Stuck at GND due to stuck port data_in ;
; grid_array[3][1][1]                     ; Stuck at GND due to stuck port data_in ;
; grid_array[3][2][0]                     ; Stuck at GND due to stuck port data_in ;
; grid_array[3][2][1]                     ; Stuck at GND due to stuck port data_in ;
; grid_array[3][3][0]                     ; Stuck at GND due to stuck port data_in ;
; grid_array[3][3][1]                     ; Stuck at GND due to stuck port data_in ;
; grid_array[3][4][0]                     ; Stuck at GND due to stuck port data_in ;
; grid_array[3][4][1]                     ; Stuck at GND due to stuck port data_in ;
; grid_array[3][4][6]                     ; Merged with grid_array[3][4][5]        ;
; grid_array[3][4][7]                     ; Merged with grid_array[3][4][5]        ;
; grid_array[3][3][6]                     ; Merged with grid_array[3][3][5]        ;
; grid_array[3][3][7]                     ; Merged with grid_array[3][3][5]        ;
; grid_array[3][0][6]                     ; Merged with grid_array[3][0][5]        ;
; grid_array[3][0][7]                     ; Merged with grid_array[3][0][5]        ;
; grid_array[2][4][6]                     ; Merged with grid_array[2][4][5]        ;
; grid_array[2][4][7]                     ; Merged with grid_array[2][4][5]        ;
; grid_array[2][3][6]                     ; Merged with grid_array[2][3][5]        ;
; grid_array[2][3][7]                     ; Merged with grid_array[2][3][5]        ;
; grid_array[2][0][6]                     ; Merged with grid_array[2][0][5]        ;
; grid_array[2][0][7]                     ; Merged with grid_array[2][0][5]        ;
; grid_array[0][4][6]                     ; Merged with grid_array[0][4][5]        ;
; grid_array[0][4][7]                     ; Merged with grid_array[0][4][5]        ;
; grid_array[0][3][6]                     ; Merged with grid_array[0][3][5]        ;
; grid_array[0][3][7]                     ; Merged with grid_array[0][3][5]        ;
; grid_array[0][0][6]                     ; Merged with grid_array[0][0][5]        ;
; grid_array[0][0][7]                     ; Merged with grid_array[0][0][5]        ;
; grid_array[3][4][3]                     ; Merged with grid_array[3][4][2]        ;
; grid_array[3][4][4]                     ; Merged with grid_array[3][4][2]        ;
; grid_array[3][3][3]                     ; Merged with grid_array[3][3][2]        ;
; grid_array[3][3][4]                     ; Merged with grid_array[3][3][2]        ;
; grid_array[3][0][3]                     ; Merged with grid_array[3][0][2]        ;
; grid_array[3][0][4]                     ; Merged with grid_array[3][0][2]        ;
; grid_array[2][4][3]                     ; Merged with grid_array[2][4][2]        ;
; grid_array[2][4][4]                     ; Merged with grid_array[2][4][2]        ;
; grid_array[2][3][3]                     ; Merged with grid_array[2][3][2]        ;
; grid_array[2][3][4]                     ; Merged with grid_array[2][3][2]        ;
; grid_array[2][0][3]                     ; Merged with grid_array[2][0][2]        ;
; grid_array[2][0][4]                     ; Merged with grid_array[2][0][2]        ;
; grid_array[0][4][3]                     ; Merged with grid_array[0][4][2]        ;
; grid_array[0][4][4]                     ; Merged with grid_array[0][4][2]        ;
; grid_array[0][3][3]                     ; Merged with grid_array[0][3][2]        ;
; grid_array[0][3][4]                     ; Merged with grid_array[0][3][2]        ;
; grid_array[0][0][3]                     ; Merged with grid_array[0][0][2]        ;
; grid_array[0][0][4]                     ; Merged with grid_array[0][0][2]        ;
; grid_array[3][2][6]                     ; Merged with grid_array[3][2][5]        ;
; grid_array[3][2][7]                     ; Merged with grid_array[3][2][5]        ;
; grid_array[3][1][6]                     ; Merged with grid_array[3][1][5]        ;
; grid_array[3][1][7]                     ; Merged with grid_array[3][1][5]        ;
; grid_array[2][2][6]                     ; Merged with grid_array[2][2][5]        ;
; grid_array[2][2][7]                     ; Merged with grid_array[2][2][5]        ;
; grid_array[2][1][6]                     ; Merged with grid_array[2][1][5]        ;
; grid_array[2][1][7]                     ; Merged with grid_array[2][1][5]        ;
; grid_array[1][4][6]                     ; Merged with grid_array[1][4][5]        ;
; grid_array[1][4][7]                     ; Merged with grid_array[1][4][5]        ;
; grid_array[1][3][6]                     ; Merged with grid_array[1][3][5]        ;
; grid_array[1][3][7]                     ; Merged with grid_array[1][3][5]        ;
; grid_array[1][2][6]                     ; Merged with grid_array[1][2][5]        ;
; grid_array[1][2][7]                     ; Merged with grid_array[1][2][5]        ;
; grid_array[1][1][6]                     ; Merged with grid_array[1][1][5]        ;
; grid_array[1][1][7]                     ; Merged with grid_array[1][1][5]        ;
; grid_array[1][0][6]                     ; Merged with grid_array[1][0][5]        ;
; grid_array[1][0][7]                     ; Merged with grid_array[1][0][5]        ;
; grid_array[0][2][6]                     ; Merged with grid_array[0][2][5]        ;
; grid_array[0][2][7]                     ; Merged with grid_array[0][2][5]        ;
; grid_array[0][1][6]                     ; Merged with grid_array[0][1][5]        ;
; grid_array[0][1][7]                     ; Merged with grid_array[0][1][5]        ;
; grid_array[3][2][3]                     ; Merged with grid_array[3][2][2]        ;
; grid_array[3][2][4]                     ; Merged with grid_array[3][2][2]        ;
; grid_array[3][1][3]                     ; Merged with grid_array[3][1][2]        ;
; grid_array[3][1][4]                     ; Merged with grid_array[3][1][2]        ;
; grid_array[2][2][3]                     ; Merged with grid_array[2][2][2]        ;
; grid_array[2][2][4]                     ; Merged with grid_array[2][2][2]        ;
; grid_array[2][1][3]                     ; Merged with grid_array[2][1][2]        ;
; grid_array[2][1][4]                     ; Merged with grid_array[2][1][2]        ;
; grid_array[1][4][3]                     ; Merged with grid_array[1][4][2]        ;
; grid_array[1][4][4]                     ; Merged with grid_array[1][4][2]        ;
; grid_array[1][3][3]                     ; Merged with grid_array[1][3][2]        ;
; grid_array[1][3][4]                     ; Merged with grid_array[1][3][2]        ;
; grid_array[1][2][3]                     ; Merged with grid_array[1][2][2]        ;
; grid_array[1][2][4]                     ; Merged with grid_array[1][2][2]        ;
; grid_array[1][1][3]                     ; Merged with grid_array[1][1][2]        ;
; grid_array[1][1][4]                     ; Merged with grid_array[1][1][2]        ;
; grid_array[1][0][3]                     ; Merged with grid_array[1][0][2]        ;
; grid_array[1][0][4]                     ; Merged with grid_array[1][0][2]        ;
; grid_array[0][2][3]                     ; Merged with grid_array[0][2][2]        ;
; grid_array[0][2][4]                     ; Merged with grid_array[0][2][2]        ;
; grid_array[0][1][3]                     ; Merged with grid_array[0][1][2]        ;
; grid_array[0][1][4]                     ; Merged with grid_array[0][1][2]        ;
; Total Number of Removed Registers = 120 ;                                        ;
+-----------------------------------------+----------------------------------------+


+------------------------------------------------------+
; General Register Statistics                          ;
+----------------------------------------------+-------+
; Statistic                                    ; Value ;
+----------------------------------------------+-------+
; Total registers                              ; 107   ;
; Number of registers using Synchronous Clear  ; 20    ;
; Number of registers using Synchronous Load   ; 0     ;
; Number of registers using Asynchronous Clear ; 0     ;
; Number of registers using Asynchronous Load  ; 0     ;
; Number of registers using Clock Enable       ; 10    ;
; Number of registers using Preset             ; 0     ;
+----------------------------------------------+-------+


+---------------------------------------------------+
; Inverted Register Statistics                      ;
+-----------------------------------------+---------+
; Inverted Register                       ; Fan out ;
+-----------------------------------------+---------+
; visited[3][1]                           ; 2       ;
; visited[3][2]                           ; 2       ;
; visited[3][0]                           ; 2       ;
; visited[3][3]                           ; 2       ;
; visited[2][4]                           ; 2       ;
; visited[3][4]                           ; 2       ;
; visited[2][2]                           ; 2       ;
; visited[2][1]                           ; 2       ;
; visited[2][0]                           ; 2       ;
; visited[2][3]                           ; 2       ;
; visited[0][4]                           ; 2       ;
; visited[1][1]                           ; 2       ;
; visited[1][2]                           ; 2       ;
; visited[1][0]                           ; 2       ;
; visited[1][3]                           ; 2       ;
; visited[1][4]                           ; 2       ;
; visited[0][2]                           ; 2       ;
; visited[0][1]                           ; 2       ;
; visited[0][0]                           ; 2       ;
; visited[0][3]                           ; 2       ;
; Total number of inverted registers = 20 ;         ;
+-----------------------------------------+---------+


+--------------------------------------------------------------------------------------------------------------------------------------------------------------+
; Multiplexer Restructuring Statistics (Restructuring Performed)                                                                                               ;
+--------------------+-----------+---------------+----------------------+------------------------+------------+------------------------------------------------+
; Multiplexer Inputs ; Bus Width ; Baseline Area ; Area if Restructured ; Saving if Restructured ; Registered ; Example Multiplexer Output                     ;
+--------------------+-----------+---------------+----------------------+------------------------+------------+------------------------------------------------+
; 3:1                ; 10 bits   ; 20 LEs        ; 10 LEs               ; 10 LEs                 ; Yes        ; |DE0_NANO|VGA_DRIVER:driver|pixel_count[9]     ;
; 4:1                ; 10 bits   ; 20 LEs        ; 10 LEs               ; 10 LEs                 ; Yes        ; |DE0_NANO|VGA_DRIVER:driver|line_count[8]      ;
; 4:1                ; 8 bits    ; 16 LEs        ; 16 LEs               ; 0 LEs                  ; No         ; |DE0_NANO|Mux0                                 ;
; 10:1               ; 6 bits    ; 36 LEs        ; 36 LEs               ; 0 LEs                  ; No         ; |DE0_NANO|VGA_DRIVER:driver|PIXEL_COLOR_OUT[4] ;
+--------------------+-----------+---------------+----------------------+------------------------+------------+------------------------------------------------+


+-----------------------------------------------------+
; Post-Synthesis Netlist Statistics for Top Partition ;
+-----------------------+-----------------------------+
; Type                  ; Count                       ;
+-----------------------+-----------------------------+
; boundary_port         ; 87                          ;
; cycloneiii_ff         ; 107                         ;
;     ENA SCLR          ; 10                          ;
;     SCLR              ; 10                          ;
;     plain             ; 87                          ;
; cycloneiii_io_obuf    ; 68                          ;
; cycloneiii_lcell_comb ; 266                         ;
;     arith             ; 98                          ;
;         2 data inputs ; 98                          ;
;     normal            ; 168                         ;
;         0 data inputs ; 1                           ;
;         1 data inputs ; 11                          ;
;         2 data inputs ; 46                          ;
;         3 data inputs ; 14                          ;
;         4 data inputs ; 96                          ;
;                       ;                             ;
; Max LUT depth         ; 12.80                       ;
; Average LUT depth     ; 5.44                        ;
+-----------------------+-----------------------------+


+-------------------------------+
; Elapsed Time Per Partition    ;
+----------------+--------------+
; Partition Name ; Elapsed Time ;
+----------------+--------------+
; Top            ; 00:00:00     ;
+----------------+--------------+


+-------------------------------+
; Analysis & Synthesis Messages ;
+-------------------------------+
Info: *******************************************************************
Info: Running Quartus Prime Analysis & Synthesis
    Info: Version 17.0.0 Build 595 04/25/2017 SJ Lite Edition
    Info: Processing started: Mon Oct 23 21:26:48 2017
Info: Command: quartus_map --read_settings_files=on --write_settings_files=off DE0_NANO -c DE0_NANO
Warning (125092): Tcl Script File DE_NANO_SOPC.qip not found
    Info (125063): set_global_assignment -name QIP_FILE DE_NANO_SOPC.qip
Warning (18236): Number of processors has not been specified which may cause overloading on shared machines.  Set the global assignment NUM_PARALLEL_PROCESSORS in your QSF to an appropriate value for best performance.
Info (20030): Parallel compilation is enabled and will use 4 of the 4 processors detected
Info (12021): Found 1 design units, including 1 entities, in source file vga_driver.v
    Info (12023): Found entity 1: VGA_DRIVER File: C:/Users/labuser/Downloads/ece3400_team8_lab4_fpga2/VGA_DRIVER.v Line: 14
Warning (10238): Verilog Module Declaration warning at DE0_NANO.v(32): ignored anonymous port(s) indicated by duplicate or dangling comma(s) in the port list for module "DE0_NANO" File: C:/Users/labuser/Downloads/ece3400_team8_lab4_fpga2/DE0_NANO.v Line: 32
Info (12021): Found 1 design units, including 1 entities, in source file de0_nano.v
    Info (12023): Found entity 1: DE0_NANO File: C:/Users/labuser/Downloads/ece3400_team8_lab4_fpga2/DE0_NANO.v Line: 11
Warning (10236): Verilog HDL Implicit Net warning at DE0_NANO.v(105): created implicit net for "data" File: C:/Users/labuser/Downloads/ece3400_team8_lab4_fpga2/DE0_NANO.v Line: 105
Info (12127): Elaborating entity "DE0_NANO" for the top level hierarchy
Warning (10858): Verilog HDL warning at DE0_NANO.v(76): object led_state used but never assigned File: C:/Users/labuser/Downloads/ece3400_team8_lab4_fpga2/DE0_NANO.v Line: 76
Warning (10230): Verilog HDL assignment warning at DE0_NANO.v(105): truncated value with size 2 to match size of target (1) File: C:/Users/labuser/Downloads/ece3400_team8_lab4_fpga2/DE0_NANO.v Line: 105
Warning (10235): Verilog HDL Always Construct warning at DE0_NANO.v(208): variable "BLUE" is read inside the Always Construct but isn't in the Always Construct's Event Control File: C:/Users/labuser/Downloads/ece3400_team8_lab4_fpga2/DE0_NANO.v Line: 208
Warning (10230): Verilog HDL assignment warning at DE0_NANO.v(224): truncated value with size 32 to match size of target (25) File: C:/Users/labuser/Downloads/ece3400_team8_lab4_fpga2/DE0_NANO.v Line: 224
Warning (10230): Verilog HDL assignment warning at DE0_NANO.v(228): truncated value with size 32 to match size of target (25) File: C:/Users/labuser/Downloads/ece3400_team8_lab4_fpga2/DE0_NANO.v Line: 228
Warning (10030): Net "led_state" at DE0_NANO.v(76) has no driver or initial value, using a default initial value '0' File: C:/Users/labuser/Downloads/ece3400_team8_lab4_fpga2/DE0_NANO.v Line: 76
Warning (10034): Output port "LED[7..1]" at DE0_NANO.v(48) has no driver File: C:/Users/labuser/Downloads/ece3400_team8_lab4_fpga2/DE0_NANO.v Line: 48
Info (10008): Verilog HDL or VHDL information: EDA Netlist Writer cannot regroup multidimensional array "grid_array" into its bus
Info (12128): Elaborating entity "VGA_DRIVER" for hierarchy "VGA_DRIVER:driver" File: C:/Users/labuser/Downloads/ece3400_team8_lab4_fpga2/DE0_NANO.v Line: 88
Warning (10230): Verilog HDL assignment warning at VGA_DRIVER.v(71): truncated value with size 32 to match size of target (10) File: C:/Users/labuser/Downloads/ece3400_team8_lab4_fpga2/VGA_DRIVER.v Line: 71
Warning (10230): Verilog HDL assignment warning at VGA_DRIVER.v(75): truncated value with size 32 to match size of target (10) File: C:/Users/labuser/Downloads/ece3400_team8_lab4_fpga2/VGA_DRIVER.v Line: 75
Warning (13034): The following nodes have both tri-state and non-tri-state drivers
    Warning (13035): Inserted always-enabled tri-state buffer between "GPIO_0_D[5]" and its non-tri-state driver. File: C:/Users/labuser/Downloads/ece3400_team8_lab4_fpga2/DE0_NANO.v Line: 57
    Warning (13035): Inserted always-enabled tri-state buffer between "GPIO_0_D[7]" and its non-tri-state driver. File: C:/Users/labuser/Downloads/ece3400_team8_lab4_fpga2/DE0_NANO.v Line: 57
    Warning (13035): Inserted always-enabled tri-state buffer between "GPIO_0_D[9]" and its non-tri-state driver. File: C:/Users/labuser/Downloads/ece3400_team8_lab4_fpga2/DE0_NANO.v Line: 57
    Warning (13035): Inserted always-enabled tri-state buffer between "GPIO_0_D[11]" and its non-tri-state driver. File: C:/Users/labuser/Downloads/ece3400_team8_lab4_fpga2/DE0_NANO.v Line: 57
    Warning (13035): Inserted always-enabled tri-state buffer between "GPIO_0_D[13]" and its non-tri-state driver. File: C:/Users/labuser/Downloads/ece3400_team8_lab4_fpga2/DE0_NANO.v Line: 57
    Warning (13035): Inserted always-enabled tri-state buffer between "GPIO_0_D[15]" and its non-tri-state driver. File: C:/Users/labuser/Downloads/ece3400_team8_lab4_fpga2/DE0_NANO.v Line: 57
    Warning (13035): Inserted always-enabled tri-state buffer between "GPIO_0_D[17]" and its non-tri-state driver. File: C:/Users/labuser/Downloads/ece3400_team8_lab4_fpga2/DE0_NANO.v Line: 57
    Warning (13035): Inserted always-enabled tri-state buffer between "GPIO_0_D[19]" and its non-tri-state driver. File: C:/Users/labuser/Downloads/ece3400_team8_lab4_fpga2/DE0_NANO.v Line: 57
    Warning (13035): Inserted always-enabled tri-state buffer between "GPIO_0_D[21]" and its non-tri-state driver. File: C:/Users/labuser/Downloads/ece3400_team8_lab4_fpga2/DE0_NANO.v Line: 57
    Warning (13035): Inserted always-enabled tri-state buffer between "GPIO_0_D[23]" and its non-tri-state driver. File: C:/Users/labuser/Downloads/ece3400_team8_lab4_fpga2/DE0_NANO.v Line: 57
Warning (13039): The following bidirectional pins have no drivers
    Warning (13040): bidirectional pin "GPIO_0_D[29]" has no driver File: C:/Users/labuser/Downloads/ece3400_team8_lab4_fpga2/DE0_NANO.v Line: 57
    Warning (13040): bidirectional pin "GPIO_0_D[30]" has no driver File: C:/Users/labuser/Downloads/ece3400_team8_lab4_fpga2/DE0_NANO.v Line: 57
    Warning (13040): bidirectional pin "GPIO_0_D[31]" has no driver File: C:/Users/labuser/Downloads/ece3400_team8_lab4_fpga2/DE0_NANO.v Line: 57
    Warning (13040): bidirectional pin "GPIO_0_D[32]" has no driver File: C:/Users/labuser/Downloads/ece3400_team8_lab4_fpga2/DE0_NANO.v Line: 57
    Warning (13040): bidirectional pin "GPIO_0_D[33]" has no driver File: C:/Users/labuser/Downloads/ece3400_team8_lab4_fpga2/DE0_NANO.v Line: 57
    Warning (13040): bidirectional pin "GPIO_0_D[0]" has no driver File: C:/Users/labuser/Downloads/ece3400_team8_lab4_fpga2/DE0_NANO.v Line: 57
    Warning (13040): bidirectional pin "GPIO_0_D[1]" has no driver File: C:/Users/labuser/Downloads/ece3400_team8_lab4_fpga2/DE0_NANO.v Line: 57
    Warning (13040): bidirectional pin "GPIO_0_D[2]" has no driver File: C:/Users/labuser/Downloads/ece3400_team8_lab4_fpga2/DE0_NANO.v Line: 57
    Warning (13040): bidirectional pin "GPIO_0_D[3]" has no driver File: C:/Users/labuser/Downloads/ece3400_team8_lab4_fpga2/DE0_NANO.v Line: 57
    Warning (13040): bidirectional pin "GPIO_0_D[4]" has no driver File: C:/Users/labuser/Downloads/ece3400_team8_lab4_fpga2/DE0_NANO.v Line: 57
    Warning (13040): bidirectional pin "GPIO_0_D[6]" has no driver File: C:/Users/labuser/Downloads/ece3400_team8_lab4_fpga2/DE0_NANO.v Line: 57
    Warning (13040): bidirectional pin "GPIO_0_D[8]" has no driver File: C:/Users/labuser/Downloads/ece3400_team8_lab4_fpga2/DE0_NANO.v Line: 57
    Warning (13040): bidirectional pin "GPIO_0_D[10]" has no driver File: C:/Users/labuser/Downloads/ece3400_team8_lab4_fpga2/DE0_NANO.v Line: 57
    Warning (13040): bidirectional pin "GPIO_0_D[12]" has no driver File: C:/Users/labuser/Downloads/ece3400_team8_lab4_fpga2/DE0_NANO.v Line: 57
    Warning (13040): bidirectional pin "GPIO_0_D[14]" has no driver File: C:/Users/labuser/Downloads/ece3400_team8_lab4_fpga2/DE0_NANO.v Line: 57
    Warning (13040): bidirectional pin "GPIO_0_D[16]" has no driver File: C:/Users/labuser/Downloads/ece3400_team8_lab4_fpga2/DE0_NANO.v Line: 57
    Warning (13040): bidirectional pin "GPIO_0_D[18]" has no driver File: C:/Users/labuser/Downloads/ece3400_team8_lab4_fpga2/DE0_NANO.v Line: 57
    Warning (13040): bidirectional pin "GPIO_0_D[20]" has no driver File: C:/Users/labuser/Downloads/ece3400_team8_lab4_fpga2/DE0_NANO.v Line: 57
    Warning (13040): bidirectional pin "GPIO_0_D[22]" has no driver File: C:/Users/labuser/Downloads/ece3400_team8_lab4_fpga2/DE0_NANO.v Line: 57
    Warning (13040): bidirectional pin "GPIO_0_D[24]" has no driver File: C:/Users/labuser/Downloads/ece3400_team8_lab4_fpga2/DE0_NANO.v Line: 57
    Warning (13040): bidirectional pin "GPIO_0_D[25]" has no driver File: C:/Users/labuser/Downloads/ece3400_team8_lab4_fpga2/DE0_NANO.v Line: 57
    Warning (13040): bidirectional pin "GPIO_0_D[26]" has no driver File: C:/Users/labuser/Downloads/ece3400_team8_lab4_fpga2/DE0_NANO.v Line: 57
    Warning (13040): bidirectional pin "GPIO_0_D[27]" has no driver File: C:/Users/labuser/Downloads/ece3400_team8_lab4_fpga2/DE0_NANO.v Line: 57
    Warning (13040): bidirectional pin "GPIO_0_D[28]" has no driver File: C:/Users/labuser/Downloads/ece3400_team8_lab4_fpga2/DE0_NANO.v Line: 57
    Warning (13040): bidirectional pin "GPIO_1_D[0]" has no driver File: C:/Users/labuser/Downloads/ece3400_team8_lab4_fpga2/DE0_NANO.v Line: 61
    Warning (13040): bidirectional pin "GPIO_1_D[1]" has no driver File: C:/Users/labuser/Downloads/ece3400_team8_lab4_fpga2/DE0_NANO.v Line: 61
    Warning (13040): bidirectional pin "GPIO_1_D[2]" has no driver File: C:/Users/labuser/Downloads/ece3400_team8_lab4_fpga2/DE0_NANO.v Line: 61
    Warning (13040): bidirectional pin "GPIO_1_D[3]" has no driver File: C:/Users/labuser/Downloads/ece3400_team8_lab4_fpga2/DE0_NANO.v Line: 61
    Warning (13040): bidirectional pin "GPIO_1_D[4]" has no driver File: C:/Users/labuser/Downloads/ece3400_team8_lab4_fpga2/DE0_NANO.v Line: 61
    Warning (13040): bidirectional pin "GPIO_1_D[5]" has no driver File: C:/Users/labuser/Downloads/ece3400_team8_lab4_fpga2/DE0_NANO.v Line: 61
    Warning (13040): bidirectional pin "GPIO_1_D[6]" has no driver File: C:/Users/labuser/Downloads/ece3400_team8_lab4_fpga2/DE0_NANO.v Line: 61
    Warning (13040): bidirectional pin "GPIO_1_D[7]" has no driver File: C:/Users/labuser/Downloads/ece3400_team8_lab4_fpga2/DE0_NANO.v Line: 61
    Warning (13040): bidirectional pin "GPIO_1_D[8]" has no driver File: C:/Users/labuser/Downloads/ece3400_team8_lab4_fpga2/DE0_NANO.v Line: 61
    Warning (13040): bidirectional pin "GPIO_1_D[9]" has no driver File: C:/Users/labuser/Downloads/ece3400_team8_lab4_fpga2/DE0_NANO.v Line: 61
    Warning (13040): bidirectional pin "GPIO_1_D[10]" has no driver File: C:/Users/labuser/Downloads/ece3400_team8_lab4_fpga2/DE0_NANO.v Line: 61
    Warning (13040): bidirectional pin "GPIO_1_D[11]" has no driver File: C:/Users/labuser/Downloads/ece3400_team8_lab4_fpga2/DE0_NANO.v Line: 61
    Warning (13040): bidirectional pin "GPIO_1_D[12]" has no driver File: C:/Users/labuser/Downloads/ece3400_team8_lab4_fpga2/DE0_NANO.v Line: 61
    Warning (13040): bidirectional pin "GPIO_1_D[13]" has no driver File: C:/Users/labuser/Downloads/ece3400_team8_lab4_fpga2/DE0_NANO.v Line: 61
    Warning (13040): bidirectional pin "GPIO_1_D[14]" has no driver File: C:/Users/labuser/Downloads/ece3400_team8_lab4_fpga2/DE0_NANO.v Line: 61
    Warning (13040): bidirectional pin "GPIO_1_D[15]" has no driver File: C:/Users/labuser/Downloads/ece3400_team8_lab4_fpga2/DE0_NANO.v Line: 61
    Warning (13040): bidirectional pin "GPIO_1_D[16]" has no driver File: C:/Users/labuser/Downloads/ece3400_team8_lab4_fpga2/DE0_NANO.v Line: 61
    Warning (13040): bidirectional pin "GPIO_1_D[17]" has no driver File: C:/Users/labuser/Downloads/ece3400_team8_lab4_fpga2/DE0_NANO.v Line: 61
    Warning (13040): bidirectional pin "GPIO_1_D[18]" has no driver File: C:/Users/labuser/Downloads/ece3400_team8_lab4_fpga2/DE0_NANO.v Line: 61
    Warning (13040): bidirectional pin "GPIO_1_D[19]" has no driver File: C:/Users/labuser/Downloads/ece3400_team8_lab4_fpga2/DE0_NANO.v Line: 61
    Warning (13040): bidirectional pin "GPIO_1_D[20]" has no driver File: C:/Users/labuser/Downloads/ece3400_team8_lab4_fpga2/DE0_NANO.v Line: 61
    Warning (13040): bidirectional pin "GPIO_1_D[21]" has no driver File: C:/Users/labuser/Downloads/ece3400_team8_lab4_fpga2/DE0_NANO.v Line: 61
    Warning (13040): bidirectional pin "GPIO_1_D[22]" has no driver File: C:/Users/labuser/Downloads/ece3400_team8_lab4_fpga2/DE0_NANO.v Line: 61
    Warning (13040): bidirectional pin "GPIO_1_D[23]" has no driver File: C:/Users/labuser/Downloads/ece3400_team8_lab4_fpga2/DE0_NANO.v Line: 61
    Warning (13040): bidirectional pin "GPIO_1_D[24]" has no driver File: C:/Users/labuser/Downloads/ece3400_team8_lab4_fpga2/DE0_NANO.v Line: 61
    Warning (13040): bidirectional pin "GPIO_1_D[25]" has no driver File: C:/Users/labuser/Downloads/ece3400_team8_lab4_fpga2/DE0_NANO.v Line: 61
    Warning (13040): bidirectional pin "GPIO_1_D[26]" has no driver File: C:/Users/labuser/Downloads/ece3400_team8_lab4_fpga2/DE0_NANO.v Line: 61
    Warning (13040): bidirectional pin "GPIO_1_D[27]" has no driver File: C:/Users/labuser/Downloads/ece3400_team8_lab4_fpga2/DE0_NANO.v Line: 61
    Warning (13040): bidirectional pin "GPIO_1_D[28]" has no driver File: C:/Users/labuser/Downloads/ece3400_team8_lab4_fpga2/DE0_NANO.v Line: 61
    Warning (13040): bidirectional pin "GPIO_1_D[29]" has no driver File: C:/Users/labuser/Downloads/ece3400_team8_lab4_fpga2/DE0_NANO.v Line: 61
    Warning (13040): bidirectional pin "GPIO_1_D[30]" has no driver File: C:/Users/labuser/Downloads/ece3400_team8_lab4_fpga2/DE0_NANO.v Line: 61
    Warning (13040): bidirectional pin "GPIO_1_D[31]" has no driver File: C:/Users/labuser/Downloads/ece3400_team8_lab4_fpga2/DE0_NANO.v Line: 61
    Warning (13040): bidirectional pin "GPIO_1_D[32]" has no driver File: C:/Users/labuser/Downloads/ece3400_team8_lab4_fpga2/DE0_NANO.v Line: 61
    Warning (13040): bidirectional pin "GPIO_1_D[33]" has no driver File: C:/Users/labuser/Downloads/ece3400_team8_lab4_fpga2/DE0_NANO.v Line: 61
Warning (13009): TRI or OPNDRN buffers permanently enabled
    Warning (13010): Node "GPIO_0_D[5]~synth" File: C:/Users/labuser/Downloads/ece3400_team8_lab4_fpga2/DE0_NANO.v Line: 57
    Warning (13010): Node "GPIO_0_D[7]~synth" File: C:/Users/labuser/Downloads/ece3400_team8_lab4_fpga2/DE0_NANO.v Line: 57
    Warning (13010): Node "GPIO_0_D[9]~synth" File: C:/Users/labuser/Downloads/ece3400_team8_lab4_fpga2/DE0_NANO.v Line: 57
    Warning (13010): Node "GPIO_0_D[11]~synth" File: C:/Users/labuser/Downloads/ece3400_team8_lab4_fpga2/DE0_NANO.v Line: 57
    Warning (13010): Node "GPIO_0_D[13]~synth" File: C:/Users/labuser/Downloads/ece3400_team8_lab4_fpga2/DE0_NANO.v Line: 57
    Warning (13010): Node "GPIO_0_D[15]~synth" File: C:/Users/labuser/Downloads/ece3400_team8_lab4_fpga2/DE0_NANO.v Line: 57
    Warning (13010): Node "GPIO_0_D[17]~synth" File: C:/Users/labuser/Downloads/ece3400_team8_lab4_fpga2/DE0_NANO.v Line: 57
    Warning (13010): Node "GPIO_0_D[19]~synth" File: C:/Users/labuser/Downloads/ece3400_team8_lab4_fpga2/DE0_NANO.v Line: 57
    Warning (13010): Node "GPIO_0_D[21]~synth" File: C:/Users/labuser/Downloads/ece3400_team8_lab4_fpga2/DE0_NANO.v Line: 57
    Warning (13010): Node "GPIO_0_D[23]~synth" File: C:/Users/labuser/Downloads/ece3400_team8_lab4_fpga2/DE0_NANO.v Line: 57
Warning (13024): Output pins are stuck at VCC or GND
    Warning (13410): Pin "LED[0]" is stuck at GND File: C:/Users/labuser/Downloads/ece3400_team8_lab4_fpga2/DE0_NANO.v Line: 48
    Warning (13410): Pin "LED[1]" is stuck at GND File: C:/Users/labuser/Downloads/ece3400_team8_lab4_fpga2/DE0_NANO.v Line: 48
    Warning (13410): Pin "LED[2]" is stuck at GND File: C:/Users/labuser/Downloads/ece3400_team8_lab4_fpga2/DE0_NANO.v Line: 48
    Warning (13410): Pin "LED[3]" is stuck at GND File: C:/Users/labuser/Downloads/ece3400_team8_lab4_fpga2/DE0_NANO.v Line: 48
    Warning (13410): Pin "LED[4]" is stuck at GND File: C:/Users/labuser/Downloads/ece3400_team8_lab4_fpga2/DE0_NANO.v Line: 48
    Warning (13410): Pin "LED[5]" is stuck at GND File: C:/Users/labuser/Downloads/ece3400_team8_lab4_fpga2/DE0_NANO.v Line: 48
    Warning (13410): Pin "LED[6]" is stuck at GND File: C:/Users/labuser/Downloads/ece3400_team8_lab4_fpga2/DE0_NANO.v Line: 48
    Warning (13410): Pin "LED[7]" is stuck at GND File: C:/Users/labuser/Downloads/ece3400_team8_lab4_fpga2/DE0_NANO.v Line: 48
Info (286030): Timing-Driven Synthesis is running
Info (16010): Generating hard_block partition "hard_block:auto_generated_inst"
    Info (16011): Adding 0 node(s), including 0 DDIO, 0 PLL, 0 transceiver and 0 LCELL
Warning (21074): Design contains 9 input pin(s) that do not drive logic
    Warning (15610): No output dependent on input pin "KEY[1]" File: C:/Users/labuser/Downloads/ece3400_team8_lab4_fpga2/DE0_NANO.v Line: 51
    Warning (15610): No output dependent on input pin "SW[0]" File: C:/Users/labuser/Downloads/ece3400_team8_lab4_fpga2/DE0_NANO.v Line: 54
    Warning (15610): No output dependent on input pin "SW[1]" File: C:/Users/labuser/Downloads/ece3400_team8_lab4_fpga2/DE0_NANO.v Line: 54
    Warning (15610): No output dependent on input pin "SW[2]" File: C:/Users/labuser/Downloads/ece3400_team8_lab4_fpga2/DE0_NANO.v Line: 54
    Warning (15610): No output dependent on input pin "SW[3]" File: C:/Users/labuser/Downloads/ece3400_team8_lab4_fpga2/DE0_NANO.v Line: 54
    Warning (15610): No output dependent on input pin "GPIO_0_IN[0]" File: C:/Users/labuser/Downloads/ece3400_team8_lab4_fpga2/DE0_NANO.v Line: 58
    Warning (15610): No output dependent on input pin "GPIO_0_IN[1]" File: C:/Users/labuser/Downloads/ece3400_team8_lab4_fpga2/DE0_NANO.v Line: 58
    Warning (15610): No output dependent on input pin "GPIO_1_IN[0]" File: C:/Users/labuser/Downloads/ece3400_team8_lab4_fpga2/DE0_NANO.v Line: 62
    Warning (15610): No output dependent on input pin "GPIO_1_IN[1]" File: C:/Users/labuser/Downloads/ece3400_team8_lab4_fpga2/DE0_NANO.v Line: 62
Info (21057): Implemented 368 device resources after synthesis - the final resource count might be different
    Info (21058): Implemented 11 input pins
    Info (21059): Implemented 8 output pins
    Info (21060): Implemented 68 bidirectional pins
    Info (21061): Implemented 281 logic cells
Info: Quartus Prime Analysis & Synthesis was successful. 0 errors, 113 warnings
    Info: Peak virtual memory: 654 megabytes
    Info: Processing ended: Mon Oct 23 21:26:56 2017
    Info: Elapsed time: 00:00:08
    Info: Total CPU time (on all processors): 00:00:19


